1639245601545	geckodriver	INFO	Listening on 127.0.0.1:54381
1639245604944	mozrunner::runner	INFO	Running command: "C:\\Program Files\\Mozilla Firefox\\firefox.exe" "--marionette" "-no-remote" "-profile" "C:\\Users\\Cassul\\AppData\\Local\\Temp\\rust_mozprofileJv73HQ"
1639245899883	geckodriver	INFO	Listening on 127.0.0.1:60815
1639245902923	mozrunner::runner	INFO	Running command: "C:\\Program Files\\Mozilla Firefox\\firefox.exe" "--marionette" "-no-remote" "-profile" "C:\\Users\\Cassul\\AppData\\Local\\Temp\\rust_mozprofileqX47EI"
1639245907221	Marionette	INFO	Marionette enabled
console.warn: SearchSettings: "get: No settings file exists, new profile?" (new NotFoundError("Could not open the file at C:\\Users\\Cassul\\AppData\\Local\\Temp\\rust_mozprofileqX47EI\\search.json.mozlz4", (void 0)))
1639245920547	Marionette	INFO	Listening on port 60823
1639245922273	RemoteAgent	WARN	TLS certificate errors will be ignored for this session
console.log: WebExtensions: reset-default-search: starting.
console.log: WebExtensions: reset-default-search: No addons in our list are installed.
JavaScript error: , line 0: NS_ERROR_NOT_AVAILABLE
1639247716014	Marionette	INFO	Stopped listening on port 60823
console.warn: TopSitesFeed: Failed to fetch data from Contile server: NetworkError when attempting to fetch resource.
[Parent 8224, IPC I/O Parent] WARNING: file /builds/worker/checkouts/gecko/ipc/chromium/src/base/process_util_win.cc:167
ette enabled
console.warn: SearchSettings: "get: No settings file exists, new profile?" (new NotFoundError("Could not open the file at C:\\Users\\Cassul\\AppData\\Local\\Temp\\rust_mozprofilefAvcxW\\search.json.mozlz4", (void 0)))
1639247170170	Marionette	INFO	Listening on port 49631
1639247170900	RemoteAgent	WARN	TLS certificate errors will be ignored for this session
1639247399318	Marionette	INFO	Stopped listening on port 49631
console.warn: TopSitesFeed: Failed to fetch data from Contile server: NetworkError when attempting to fetch resource.
o-remote" "-profile" "C:\\Users\\Cassul\\AppData\\Local\\Temp\\rust_mozprofile8CZmie"
1639247256497	Marionette	INFO	Marionette enabled
console.warn: SearchSettings: "get: No settings file exists, new profile?" (new NotFoundError("Could not open the file at C:\\Users\\Cassul\\AppData\\Local\\Temp\\rust_mozprofile8CZmie\\search.json.mozlz4", (void 0)))
console.error: Region.jsm: "Error fetching region" (new Error("TIMEOUT", "resource://gre/modules/Region.jsm", 772))
console.error: Region.jsm: "Failed to fetch region" (new Error("TIMEOUT", "resource://gre/modules/Region.jsm", 419))
1639247266143	Marionette	INFO	Listening on port 49720
1639247266537	RemoteAgent	WARN	TLS certificate errors will be ignored for this session
1639247398171	Marionette	INFO	Stopped listening on port 49720
[Parent 13040, IPC I/O Parent] WARNING: file /builds/worker/checkouts/gecko/ipc/chromium/src/base/process_util_win.cc:167
[Parent 13040, IPC I/O Parent] WARNING: file /builds/worker/checkouts/gecko/ipc/chromium/src/base/process_util_win.cc:167
console.warn: TopSitesFeed: Failed to fetch data from Contile server: NetworkError when attempting to fetch resource.
JavaScript error: chrome://remote/content/marionette/cert.js, line 55: NS_ERROR_NOT_AVAILABLE: Component returned failure code: 0x80040111 (NS_ERROR_NOT_AVAILABLE) [nsICertOverrideService.setDisableAllSecurityChecksAndLetAttackersInterceptMyData]
1639247446056	geckodriver	INFO	Listening on 127.0.0.1:49818
1639247449121	mozrunner::runner	INFO	Running command: "C:\\Program Files\\Mozilla Firefox\\firefox.exe" "--marionette" "-no-remote" "-profile" "C:\\Users\\Cassul\\AppData\\Local\\Temp\\rust_mozprofileicaEw1"
1639247450710	Marionette	INFO	Marionette enabled
console.warn: SearchSettings: "get: No settings file exists, new profile?" (new NotFoundError("Could not open the file at C:\\Users\\Cassul\\AppData\\Local\\Temp\\rust_mozprofileicaEw1\\search.json.mozlz4", (void 0)))
1639247455443	Marionette	INFO	Listening on port 49826
1639247455702	RemoteAgent	WARN	TLS certificate errors will be ignored for this session
console.log: WebExtensions: reset-default-search: starting.
console.log: WebExtensions: reset-default-search: No addons in our list are installed.
JavaScript error: , line 0: NS_ERROR_NOT_AVAILABLE
1639248237042	Marionette	INFO	Stopped listening on port 49826
console.warn: TopSitesFeed: Failed to fetch data from Contile server: NetworkError when attempting to fetch resource.
profile?" (new NotFoundError("Could not open the file at C:\\Users\\Cassul\\AppData\\Local\\Temp\\rust_mozprofilejU23aq\\search.json.mozlz4", (void 0)))
console.error: Region.jsm: "Error fetching region" (new AbortError("The operation was aborted. ", (void 0), 770))
console.error: Region.jsm: "Failed to fetch region" (new Error("NO_RESULT", "resource://gre/modules/Region.jsm", 419))
1639247850400	Marionette	INFO	Listening on port 61373
1639247850499	RemoteAgent	WARN	TLS certificate errors will be ignored for this session
1639247905039	Marionette	INFO	Stopped listening on port 61373
console.warn: TopSitesFeed: Failed to fetch data from Contile server: NetworkError when attempting to fetch resource.
JavaScript error: chrome://remote/content/marionette/cert.js, line 55: NS_ERROR_NOT_AVAILABLE: Component returned failure code: 0x80040111 (NS_ERROR_NOT_AVAILABLE) [nsICertOverrideService.setDisableAllSecurityChecksAndLetAttackersInterceptMyData]
1639248216061	geckodriver	INFO	Listening on 127.0.0.1:64841
1639248219149	mozrunner::runner	INFO	Running command: "C:\\Program Files\\Mozilla Firefox\\firefox.exe" "--marionette" "-no-remote" "-profile" "C:\\Users\\Cassul\\AppData\\Local\\Temp\\rust_mozprofileOqqASO"
1639248219697	Marionette	INFO	Marionette enabled
console.warn: SearchSettings: "get: No settings file exists, new profile?" (new NotFoundError("Could not open the file at C:\\Users\\Cassul\\AppData\\Local\\Temp\\rust_mozprofileOqqASO\\search.json.mozlz4", (void 0)))
1639248228988	Marionette	INFO	Listening on port 64849
1639248229523	RemoteAgent	WARN	TLS certificate errors will be ignored for this session
1639248248243	Marionette	INFO	Stopped listening on port 64849
console.warn: TopSitesFeed: Failed to fetch data from Contile server: NetworkError when attempting to fetch resource.
JavaScript error: chrome://remote/content/marionette/cert.js, line 55: NS_ERROR_NOT_AVAILABLE: Component returned failure code: 0x80040111 (NS_ERROR_NOT_AVAILABLE) [nsICertOverrideService.setDisableAllSecurityChecksAndLetAttackersInterceptMyData]
[Parent 8164, IPC I/O Parent] WARNING: file /builds/worker/checkouts/gecko/ipc/chromium/src/base/process_util_win.cc:167
1639248376007	geckodriver	INFO	Listening on 127.0.0.1:64903
1639248378995	mozrunner::runner	INFO	Running command: "C:\\Program Files\\Mozilla Firefox\\firefox.exe" "--marionette" "-no-remote" "-profile" "C:\\Users\\Cassul\\AppData\\Local\\Temp\\rust_mozprofile4RYGa3"
1639248379868	Marionette	INFO	Marionette enabled
console.warn: SearchSettings: "get: No settings file exists, new profile?" (new NotFoundError("Could not open the file at C:\\Users\\Cassul\\AppData\\Local\\Temp\\rust_mozprofile4RYGa3\\search.json.mozlz4", (void 0)))
1639248386406	Marionette	INFO	Listening on port 64913
1639248386827	RemoteAgent	WARN	TLS certificate errors will be ignored for this session
1639248539852	Marionette	INFO	Stopped listening on port 64913
console.warn: TopSitesFeed: Failed to fetch data from Contile server: NetworkError when attempting to fetch resource.
JavaScript error: chrome://remote/content/marionette/cert.js, line 55: NS_ERROR_NOT_AVAILABLE: Component returned failure code: 0x80040111 (NS_ERROR_NOT_AVAILABLE) [nsICertOverrideService.setDisableAllSecurityChecksAndLetAttackersInterceptMyData]
1639248551585	geckodriver	INFO	Listening on 127.0.0.1:64991
1639248554680	mozrunner::runner	INFO	Running command: "C:\\Program Files\\Mozilla Firefox\\firefox.exe" "--marionette" "-no-remote" "-profile" "C:\\Users\\Cassul\\AppData\\Local\\Temp\\rust_mozprofilejIAxTU"
1639248555168	Marionette	INFO	Marionette enabled
console.warn: SearchSettings: "get: No settings file exists, new profile?" (new NotFoundError("Could not open the file at C:\\Users\\Cassul\\AppData\\Local\\Temp\\rust_mozprofilejIAxTU\\search.json.mozlz4", (void 0)))
1639248560105	Marionette	INFO	Listening on port 64999
1639248560662	RemoteAgent	WARN	TLS certificate errors will be ignored for this session
1639248831797	Marionette	INFO	Stopped listening on port 64999
console.warn: TopSitesFeed: Failed to fetch data from Contile server: NetworkError when attempting to fetch resource.
JavaScript error: chrome://remote/content/marionette/cert.js, line 55: NS_ERROR_NOT_AVAILABLE: Component returned failure code: 0x80040111 (NS_ERROR_NOT_AVAILABLE) [nsICertOverrideService.setDisableAllSecurityChecksAndLetAttackersInterceptMyData]
1639249024949	geckodriver	INFO	Listening on 127.0.0.1:58293
1639249028005	mozrunner::runner	INFO	Running command: "C:\\Program Files\\Mozilla Firefox\\firefox.exe" "--marionette" "-no-remote" "-profile" "C:\\Users\\Cassul\\AppData\\Local\\Temp\\rust_mozprofile2sF3jU"
1639249028779	Marionette	INFO	Marionette enabled
console.warn: SearchSettings: "get: No settings file exists, new profile?" (new NotFoundError("Could not open the file at C:\\Users\\Cassul\\AppData\\Local\\Temp\\rust_mozprofile2sF3jU\\search.json.mozlz4", (void 0)))
1639249034071	Marionette	INFO	Listening on port 58301
1639249034700	RemoteAgent	WARN	TLS certificate errors will be ignored for this session
console.log: WebExtensions: reset-default-search: starting.
console.log: WebExtensions: reset-default-search: No addons in our list are installed.
JavaScript error: , line 0: NS_ERROR_NOT_AVAILABLE
JavaScript error: resource://gre/modules/Prompter.jsm, line 1057: NS_ERROR_NOT_AVAILABLE
1639345202066	Marionette	INFO	Stopped listening on port 58301
JavaScript error: chrome://remote/content/marionette/cert.js, line 55: NS_ERROR_NOT_AVAILABLE: Component returned failure code: 0x80040111 (NS_ERROR_NOT_AVAILABLE) [nsICertOverrideService.setDisableAllSecurityChecksAndLetAttackersInterceptMyData]
[Parent 3240, IPC I/O Parent] WARNING: file /builds/worker/checkouts/gecko/ipc/chromium/src/base/process_util_win.cc:167
